-------------------------------------------------------------------------------
Test set: test.WebTest
-------------------------------------------------------------------------------
Tests run: 1, Failures: 0, Errors: 1, Skipped: 0, Time elapsed: 15.25 s <<< FAILURE! - in test.WebTest
testUserRegistration  Time elapsed: 15.25 s  <<< ERROR!
org.openqa.selenium.NoSuchSessionException: 
WebDriver session does not exist, or is not active
Build info: version: '4.10.0', revision: 'c14d967899'
System info: os.name: 'Windows 11', os.arch: 'amd64', os.version: '10.0', java.version: '23.0.2'
Driver info: org.openqa.selenium.firefox.FirefoxDriver
Command: [620aa0ea-4ad8-45f4-a6c0-35d3ebc3e586, findElement {using=xpath, value=//a[contains(text(),'Войти')]}]
Capabilities {acceptInsecureCerts: true, browserName: firefox, browserVersion: 135.0, moz:accessibilityChecks: false, moz:buildID: 20250130195129, moz:geckodriverVersion: 0.35.0, moz:headless: false, moz:platformVersion: 10.0, moz:processID: 11128, moz:profile: C:\Users\ya322\AppData\Loca..., moz:shutdownTimeout: 60000, moz:webdriverClick: true, moz:windowless: false, pageLoadStrategy: normal, platformName: windows, proxy: Proxy(), setWindowRect: true, strictFileInteractability: false, timeouts: {implicit: 0, pageLoad: 300000, script: 30000}, unhandledPromptBehavior: dismiss and notify, userAgent: Mozilla/5.0 (Windows NT 10....}
Session ID: 620aa0ea-4ad8-45f4-a6c0-35d3ebc3e586
	at test.WebTest.testUserRegistration(WebTest.java:23)

